IQ-TREE version 3.0.1 for MacOS ARM 64-bit built Jul  9 2025
Developed by Bui Quang Minh, Thomas Wong, Nhan Ly-Trong, Huaiyan Ren
Contributed by Lam-Tung Nguyen, Dominik Schrempf, Chris Bielow,
Olga Chernomor, Michael Woodhams, Diep Thi Hoang, Heiko Schmidt

Host:    Jiangs-MacBook-Pro.local (SSE4.2, 16 GB RAM)
Command: /opt/anaconda3/bin/iqtree -s tmp_run_simplified/04_phylogeny/phylogeny_alignment.fasta --prefix tmp_run_simplified/04_phylogeny/iqtree -m LG -T AUTO --fast
Seed:    9836 (Using SPRNG - Scalable Parallel Random Number Generator)
Time:    Sat Mar 21 20:29:11 2026
Kernel:  SSE2 - auto-detect threads (10 CPU cores detected)

Reading alignment file tmp_run_simplified/04_phylogeny/phylogeny_alignment.fasta ... Fasta format detected
Reading fasta file: done in 0.0225749 secs using 90.76% CPU
Alignment most likely contains protein sequences
Constructing alignment: done in 0.011687 secs using 81.83% CPU
Alignment has 795 sequences with 2870 columns, 2345 distinct patterns
1412 parsimony-informative, 554 singleton sites, 904 constant sites
Analyzing sequences: done in 0.000706911 secs using 498.6% CPU
WARNING: 795 sequences contain more than 50% gaps/ambiguity
Checking for duplicate sequences: done in 0.00187397 secs using 274.2% CPU
Identifying sites to remove: done in 0.01157 secs using 83.34% CPU
NOTE: 8 identical sequences (see below) will be ignored for subsequent analysis
Alignment was printed to tmp_run_simplified/04_phylogeny/iqtree.uniqueseq.phy

For your convenience alignment with unique sequences printed to tmp_run_simplified/04_phylogeny/iqtree.uniqueseq.phy

Create initial parsimony tree by phylogenetic likelihood library (PLL)... 0.74 seconds

NOTE: 287 MB RAM (0 GB) is required!
Measuring multi-threading efficiency up to 10 CPU cores
Increase to 10 rounds for branch lengths
2 trees examined
Threads: 1 / Time: 14.32 sec / Speedup: 1.00 / Efficiency: 100% / LogL: -723222
Threads: 2 / Time: 11.62 sec / Speedup: 1.23 / Efficiency: 62% / LogL: -723222
Threads: 3 / Time: 8.03 sec / Speedup: 1.78 / Efficiency: 59% / LogL: -723222
Threads: 4 / Time: 7.00 sec / Speedup: 2.05 / Efficiency: 51% / LogL: -723222
Threads: 5 / Time: 8.16 sec / Speedup: 1.76 / Efficiency: 35% / LogL: -723222
Determining AUTO threadcount: done in 49.175 secs using 155.8% CPU
BEST NUMBER OF THREADS: 4

Estimate model parameters (epsilon = 0.50)
1. Initial log-likelihood: -418490.00
Optimal log-likelihood: -326908.61
Parameters optimization took 1 rounds (2.33 sec)
Wrote distance file to... 
Computing ML distances based on estimated model parameters...
Calculating distance matrix: done in 10.2199 secs using 394.3% CPU
Computing ML distances took 10.222119 sec (of wall-clock time) 40.298625 sec (of CPU time)
WARNING: Some pairwise ML distances are too long (saturated)
Setting up auxiliary I and S matrices: done in 0.00274396 secs using 393.2% CPU
Constructing RapidNJ tree: done in 0.097029 secs using 151.5% CPU
Computing RapidNJ tree took 0.099826 sec (of wall-clock time) 0.157908 sec (of CPU time)
Log-likelihood of RapidNJ tree: -329428.170
--------------------------------------------------------------------
|             INITIALIZING CANDIDATE TREE SET                      |
--------------------------------------------------------------------

Do NNI search on 2 best initial trees
Optimizing NNI: done in 7.04739 secs using 226.5% CPU
Estimate model parameters (epsilon = 0.500)
BETTER TREE FOUND at iteration 1: -326219.967
Optimizing NNI: done in 10.0683 secs using 226.7% CPU
Estimate model parameters (epsilon = 0.500)
BETTER TREE FOUND at iteration 2: -326214.694
Finish initializing candidate tree set (4)
Current best tree score: -326214.694 / CPU time: 18.348
Number of iterations: 2
TREE SEARCH COMPLETED AFTER 2 ITERATIONS / Time: 0h:1m:25s

--------------------------------------------------------------------
|                    FINALIZING TREE SEARCH                        |
--------------------------------------------------------------------
Performs final model parameters optimization
Estimate model parameters (epsilon = 0.050)
1. Initial log-likelihood: -326214.694
Optimal log-likelihood: -326214.689
Parameters optimization took 1 rounds (0.515 sec)
BEST SCORE FOUND : -326214.689
Total tree length: 252.134

Total number of iterations: 2
CPU time used for tree search: 41.972 sec (0h:0m:41s)
Wall-clock time used for tree search: 18.349 sec (0h:0m:18s)
Total CPU time used: 176.947 sec (0h:2m:56s)
Total wall-clock time used: 85.913 sec (0h:1m:25s)

Analysis results written to: 
  IQ-TREE report:                tmp_run_simplified/04_phylogeny/iqtree.iqtree
  Maximum-likelihood tree:       tmp_run_simplified/04_phylogeny/iqtree.treefile
  Likelihood distances:          tmp_run_simplified/04_phylogeny/iqtree.mldist
  Screen log file:               tmp_run_simplified/04_phylogeny/iqtree.log

Date and Time: Sat Mar 21 20:30:37 2026
